<?xml version="1.0" encoding="UTF-8"?>
<coverage generated="1741715245474" clover="3.2.0">
  <project timestamp="1741715245474" name="All files">
    <metrics statements="36" coveredstatements="22" conditionals="9" coveredconditionals="2" methods="11" coveredmethods="3" elements="56" coveredelements="27" complexity="0" loc="36" ncloc="36" packages="2" files="3" classes="3"/>
    <package name="components.ui">
      <metrics statements="27" coveredstatements="20" conditionals="7" coveredconditionals="2" methods="8" coveredmethods="2"/>
      <file name="breadcrumb.jsx" path="D:\HCMUS Code\Software Engineering Project\src\Discord-FE\src\components\ui\breadcrumb.jsx">
        <metrics statements="22" coveredstatements="15" conditionals="4" coveredconditionals="0" methods="7" coveredmethods="1"/>
        <line num="7" count="1" type="stmt"/>
        <line num="8" count="3" type="stmt"/>
        <line num="10" count="1" type="stmt"/>
        <line num="12" count="1" type="stmt"/>
        <line num="13" count="0" type="stmt"/>
        <line num="21" count="1" type="stmt"/>
        <line num="23" count="1" type="stmt"/>
        <line num="24" count="0" type="stmt"/>
        <line num="29" count="1" type="stmt"/>
        <line num="31" count="1" type="stmt"/>
        <line num="32" count="0" type="cond" truecount="0" falsecount="2"/>
        <line num="34" count="0" type="stmt"/>
        <line num="41" count="1" type="stmt"/>
        <line num="43" count="1" type="stmt"/>
        <line num="44" count="0" type="stmt"/>
        <line num="52" count="1" type="stmt"/>
        <line num="54" count="1" type="stmt"/>
        <line num="59" count="0" type="stmt"/>
        <line num="67" count="1" type="stmt"/>
        <line num="69" count="1" type="stmt"/>
        <line num="73" count="0" type="stmt"/>
        <line num="82" count="1" type="stmt"/>
      </file>
      <file name="button.jsx" path="D:\HCMUS Code\Software Engineering Project\src\Discord-FE\src\components\ui\button.jsx">
        <metrics statements="5" coveredstatements="5" conditionals="3" coveredconditionals="2" methods="1" coveredmethods="1"/>
        <line num="7" count="1" type="stmt"/>
        <line num="37" count="1" type="cond" truecount="1" falsecount="0"/>
        <line num="38" count="3" type="cond" truecount="1" falsecount="1"/>
        <line num="39" count="3" type="stmt"/>
        <line num="46" count="1" type="stmt"/>
      </file>
    </package>
    <package name="lib">
      <metrics statements="9" coveredstatements="2" conditionals="2" coveredconditionals="0" methods="3" coveredmethods="1"/>
      <file name="utils.js" path="D:\HCMUS Code\Software Engineering Project\src\Discord-FE\src\lib\utils.js">
        <metrics statements="9" coveredstatements="2" conditionals="2" coveredconditionals="0" methods="3" coveredmethods="1"/>
        <line num="5" count="3" type="stmt"/>
        <line num="8" count="2" type="stmt"/>
        <line num="10" count="0" type="stmt"/>
        <line num="11" count="0" type="stmt"/>
        <line num="18" count="0" type="stmt"/>
        <line num="19" count="0" type="cond" truecount="0" falsecount="2"/>
        <line num="20" count="0" type="stmt"/>
        <line num="24" count="0" type="stmt"/>
        <line num="29" count="0" type="stmt"/>
      </file>
    </package>
  </project>
</coverage>
