{"D:\\HCMUS Code\\Software Engineering Project\\src\\Discord-FE\\src\\components\\ui\\breadcrumb.jsx": {"path":"D:\\HCMUS Code\\Software Engineering Project\\src\\Discord-FE\\src\\components\\ui\\breadcrumb.jsx","statementMap":{"0":{"start":{"line":7,"column":19},"end":{"line":9,"column":1}},"1":{"start":{"line":8,"column":25},"end":{"line":8,"column":77}},"2":{"start":{"line":10,"column":0},"end":{"line":10,"column":37}},"3":{"start":{"line":12,"column":23},"end":{"line":20,"column":2}},"4":{"start":{"line":13,"column":2},"end":{"line":19,"column":17}},"5":{"start":{"line":21,"column":0},"end":{"line":21,"column":45}},"6":{"start":{"line":23,"column":23},"end":{"line":28,"column":2}},"7":{"start":{"line":24,"column":2},"end":{"line":27,"column":17}},"8":{"start":{"line":29,"column":0},"end":{"line":29,"column":45}},"9":{"start":{"line":31,"column":23},"end":{"line":40,"column":2}},"10":{"start":{"line":32,"column":15},"end":{"line":32,"column":35}},"11":{"start":{"line":34,"column":2},"end":{"line":39,"column":4}},"12":{"start":{"line":41,"column":0},"end":{"line":41,"column":45}},"13":{"start":{"line":43,"column":23},"end":{"line":51,"column":2}},"14":{"start":{"line":44,"column":2},"end":{"line":50,"column":17}},"15":{"start":{"line":52,"column":0},"end":{"line":52,"column":45}},"16":{"start":{"line":54,"column":28},"end":{"line":66,"column":1}},"17":{"start":{"line":59,"column":2},"end":{"line":65,"column":7}},"18":{"start":{"line":67,"column":0},"end":{"line":67,"column":55}},"19":{"start":{"line":69,"column":27},"end":{"line":81,"column":1}},"20":{"start":{"line":73,"column":2},"end":{"line":80,"column":9}},"21":{"start":{"line":82,"column":0},"end":{"line":82,"column":53}}},"fnMap":{"0":{"name":"(anonymous_0)","decl":{"start":{"line":8,"column":2},"end":{"line":8,"column":3}},"loc":{"start":{"line":8,"column":25},"end":{"line":8,"column":77}},"line":8},"1":{"name":"(anonymous_1)","decl":{"start":{"line":12,"column":40},"end":{"line":12,"column":41}},"loc":{"start":{"line":13,"column":2},"end":{"line":19,"column":17}},"line":13},"2":{"name":"(anonymous_2)","decl":{"start":{"line":23,"column":40},"end":{"line":23,"column":41}},"loc":{"start":{"line":24,"column":2},"end":{"line":27,"column":17}},"line":24},"3":{"name":"(anonymous_3)","decl":{"start":{"line":31,"column":40},"end":{"line":31,"column":41}},"loc":{"start":{"line":31,"column":83},"end":{"line":40,"column":1}},"line":31},"4":{"name":"(anonymous_4)","decl":{"start":{"line":43,"column":40},"end":{"line":43,"column":41}},"loc":{"start":{"line":44,"column":2},"end":{"line":50,"column":17}},"line":44},"5":{"name":"(anonymous_5)","decl":{"start":{"line":54,"column":28},"end":{"line":54,"column":29}},"loc":{"start":{"line":59,"column":2},"end":{"line":65,"column":7}},"line":59},"6":{"name":"(anonymous_6)","decl":{"start":{"line":69,"column":27},"end":{"line":69,"column":28}},"loc":{"start":{"line":73,"column":2},"end":{"line":80,"column":9}},"line":73}},"branchMap":{"0":{"loc":{"start":{"line":32,"column":15},"end":{"line":32,"column":35}},"type":"cond-expr","locations":[{"start":{"line":32,"column":25},"end":{"line":32,"column":29}},{"start":{"line":32,"column":32},"end":{"line":32,"column":35}}],"line":32},"1":{"loc":{"start":{"line":64,"column":5},"end":{"line":64,"column":33}},"type":"binary-expr","locations":[{"start":{"line":64,"column":5},"end":{"line":64,"column":13}},{"start":{"line":64,"column":17},"end":{"line":64,"column":33}}],"line":64}},"s":{"0":1,"1":3,"2":1,"3":1,"4":0,"5":1,"6":1,"7":0,"8":1,"9":1,"10":0,"11":0,"12":1,"13":1,"14":0,"15":1,"16":1,"17":0,"18":1,"19":1,"20":0,"21":1},"f":{"0":3,"1":0,"2":0,"3":0,"4":0,"5":0,"6":0},"b":{"0":[0,0],"1":[0,0]},"_coverageSchema":"1a1c01bbd47fc00a2c39e90264f33305004495a9","hash":"3c667d19d083201d8db4364d72aae7f5693a7621"}
,"D:\\HCMUS Code\\Software Engineering Project\\src\\Discord-FE\\src\\components\\ui\\button.jsx": {"path":"D:\\HCMUS Code\\Software Engineering Project\\src\\Discord-FE\\src\\components\\ui\\button.jsx","statementMap":{"0":{"start":{"line":7,"column":23},"end":{"line":35,"column":1}},"1":{"start":{"line":37,"column":15},"end":{"line":45,"column":2}},"2":{"start":{"line":38,"column":15},"end":{"line":38,"column":40}},"3":{"start":{"line":39,"column":2},"end":{"line":44,"column":4}},"4":{"start":{"line":46,"column":0},"end":{"line":46,"column":29}}},"fnMap":{"0":{"name":"(anonymous_0)","decl":{"start":{"line":37,"column":32},"end":{"line":37,"column":33}},"loc":{"start":{"line":37,"column":98},"end":{"line":45,"column":1}},"line":37}},"branchMap":{"0":{"loc":{"start":{"line":37,"column":61},"end":{"line":37,"column":76}},"type":"default-arg","locations":[{"start":{"line":37,"column":71},"end":{"line":37,"column":76}}],"line":37},"1":{"loc":{"start":{"line":38,"column":15},"end":{"line":38,"column":40}},"type":"cond-expr","locations":[{"start":{"line":38,"column":25},"end":{"line":38,"column":29}},{"start":{"line":38,"column":32},"end":{"line":38,"column":40}}],"line":38}},"s":{"0":1,"1":1,"2":3,"3":3,"4":1},"f":{"0":3},"b":{"0":[3],"1":[0,3]},"_coverageSchema":"1a1c01bbd47fc00a2c39e90264f33305004495a9","hash":"717ec50451fa7a90fd78f10ff4222d43c68a896f"}
,"D:\\HCMUS Code\\Software Engineering Project\\src\\Discord-FE\\src\\lib\\utils.js": {"path":"D:\\HCMUS Code\\Software Engineering Project\\src\\Discord-FE\\src\\lib\\utils.js","statementMap":{"0":{"start":{"line":5,"column":2},"end":{"line":5,"column":31}},"1":{"start":{"line":8,"column":18},"end":{"line":8,"column":50}},"2":{"start":{"line":10,"column":22},"end":{"line":10,"column":36}},"3":{"start":{"line":11,"column":2},"end":{"line":11,"column":39}},"4":{"start":{"line":18,"column":20},"end":{"line":18,"column":34}},"5":{"start":{"line":19,"column":2},"end":{"line":21,"column":3}},"6":{"start":{"line":20,"column":4},"end":{"line":20,"column":28}},"7":{"start":{"line":24,"column":26},"end":{"line":27,"column":4}},"8":{"start":{"line":29,"column":2},"end":{"line":29,"column":25}}},"fnMap":{"0":{"name":"cn","decl":{"start":{"line":4,"column":16},"end":{"line":4,"column":18}},"loc":{"start":{"line":4,"column":30},"end":{"line":6,"column":1}},"line":4},"1":{"name":"formattedDate","decl":{"start":{"line":9,"column":9},"end":{"line":9,"column":22}},"loc":{"start":{"line":9,"column":29},"end":{"line":12,"column":1}},"line":9},"2":{"name":"currencyFormatted","decl":{"start":{"line":16,"column":9},"end":{"line":16,"column":26}},"loc":{"start":{"line":16,"column":35},"end":{"line":30,"column":1}},"line":16}},"branchMap":{"0":{"loc":{"start":{"line":19,"column":2},"end":{"line":21,"column":3}},"type":"if","locations":[{"start":{"line":19,"column":2},"end":{"line":21,"column":3}},{"start":{},"end":{}}],"line":19}},"s":{"0":3,"1":2,"2":0,"3":0,"4":0,"5":0,"6":0,"7":0,"8":0},"f":{"0":3,"1":0,"2":0},"b":{"0":[0,0]},"_coverageSchema":"1a1c01bbd47fc00a2c39e90264f33305004495a9","hash":"41553779467fa34a5aa5180e707d19a56fdc7b85"}
}
