TN:
SF:src\components\ui\breadcrumb.jsx
FN:8,(anonymous_0)
FN:12,(anonymous_1)
FN:23,(anonymous_2)
FN:31,(anonymous_3)
FN:43,(anonymous_4)
FN:54,(anonymous_5)
FN:69,(anonymous_6)
FNF:7
FNH:1
FNDA:3,(anonymous_0)
FNDA:0,(anonymous_1)
FNDA:0,(anonymous_2)
FNDA:0,(anonymous_3)
FNDA:0,(anonymous_4)
FNDA:0,(anonymous_5)
FNDA:0,(anonymous_6)
DA:7,1
DA:8,3
DA:10,1
DA:12,1
DA:13,0
DA:21,1
DA:23,1
DA:24,0
DA:29,1
DA:31,1
DA:32,0
DA:34,0
DA:41,1
DA:43,1
DA:44,0
DA:52,1
DA:54,1
DA:59,0
DA:67,1
DA:69,1
DA:73,0
DA:82,1
LF:22
LH:15
BRDA:32,0,0,0
BRDA:32,0,1,0
BRDA:64,1,0,0
BRDA:64,1,1,0
BRF:4
BRH:0
end_of_record
TN:
SF:src\components\ui\button.jsx
FN:37,(anonymous_0)
FNF:1
FNH:1
FNDA:3,(anonymous_0)
DA:7,1
DA:37,1
DA:38,3
DA:39,3
DA:46,1
LF:5
LH:5
BRDA:37,0,0,3
BRDA:38,1,0,0
BRDA:38,1,1,3
BRF:3
BRH:2
end_of_record
TN:
SF:src\lib\utils.js
FN:4,cn
FN:9,formattedDate
FN:16,currencyFormatted
FNF:3
FNH:1
FNDA:3,cn
FNDA:0,formattedDate
FNDA:0,currencyFormatted
DA:5,3
DA:8,2
DA:10,0
DA:11,0
DA:18,0
DA:19,0
DA:20,0
DA:24,0
DA:29,0
LF:9
LH:2
BRDA:19,0,0,0
BRDA:19,0,1,0
BRF:2
BRH:0
end_of_record
